#
# A fatal error has been detected by the Java Runtime Environment:
#
#  EXCEPTION_ACCESS_VIOLATION (0xc0000005) at pc=0x00007ff8c9f49eb2, pid=11776, tid=10104
#
# JRE version: OpenJDK Runtime Environment AdoptOpenJDK (11.0.8+10) (build 11.0.8+10)
# Java VM: OpenJDK 64-Bit Server VM AdoptOpenJDK (11.0.8+10, mixed mode, tiered, compressed oops, g1 gc, windows-amd64)
# Problematic frame:
# C  [nvoglv64.dll+0xb79eb2]
#
# No core dump will be written. Minidumps are not enabled by default on client versions of Windows
#
# If you would like to submit a bug report, please visit:
#   https://github.com/AdoptOpenJDK/openjdk-support/issues
# The crash happened outside the Java Virtual Machine in native code.
# See problematic frame for where to report the bug.
#

---------------  S U M M A R Y ------------

Command Line: D:\Documents\Work\Uni\Year2\ENG1\ENG1-DragonBoatRace\desktop\build\libs\desktop-1.0.jar

Host: AMD Ryzen 7 3800X 8-Core Processor             , 16 cores, 31G,  Windows 10 , 64 bit Build 18362 (10.0.18362.959)
Time: Tue Nov 24 17:23:28 2020 GMT Standard Time elapsed time: 1 seconds (0d 0h 0m 1s)

---------------  T H R E A D  ---------------

Current thread (0x000001bedf712000):  JavaThread "LWJGL Application" [_thread_in_native, id=10104, stack(0x0000002e11c00000,0x0000002e11d00000)]

Stack: [0x0000002e11c00000,0x0000002e11d00000],  sp=0x0000002e11cfe840,  free space=1018k
Native frames: (J=compiled Java code, j=interpreted, Vv=VM code, C=native code)
C  [nvoglv64.dll+0xb79eb2]

Java frames: (J=compiled Java code, j=interpreted, Vv=VM code)
j  org.lwjgl.opengl.GL11.nglDrawElements(IIIJJ)V+0
j  org.lwjgl.opengl.GL11.glDrawElements(ILjava/nio/ShortBuffer;)V+34
j  com.badlogic.gdx.backends.lwjgl.LwjglGL20.glDrawElements(IIILjava/nio/Buffer;)V+21
j  com.badlogic.gdx.graphics.Mesh.render(Lcom/badlogic/gdx/graphics/glutils/ShaderProgram;IIIZ)V+88
j  com.badlogic.gdx.graphics.Mesh.render(Lcom/badlogic/gdx/graphics/glutils/ShaderProgram;III)V+10
j  com.badlogic.gdx.graphics.g2d.SpriteBatch.flush()V+184
j  com.badlogic.gdx.graphics.g2d.SpriteBatch.switchTexture(Lcom/badlogic/gdx/graphics/Texture;)V+1
j  com.badlogic.gdx.graphics.g2d.SpriteBatch.draw(Lcom/badlogic/gdx/graphics/Texture;[FII)V+38
j  com.badlogic.gdx.graphics.g2d.BitmapFontCache.draw(Lcom/badlogic/gdx/graphics/g2d/Batch;)V+61
j  com.badlogic.gdx.graphics.g2d.BitmapFont.draw(Lcom/badlogic/gdx/graphics/g2d/Batch;Ljava/lang/CharSequence;FF)Lcom/badlogic/gdx/graphics/g2d/GlyphLayout;+25
j  com.dragonboatrace.game.TitleScreen.render(F)V+112
j  com.badlogic.gdx.Game.render()V+19
j  com.badlogic.gdx.backends.lwjgl.LwjglApplication.mainLoop()V+776
j  com.badlogic.gdx.backends.lwjgl.LwjglApplication$1.run()V+27
v  ~StubRoutines::call_stub

siginfo: EXCEPTION_ACCESS_VIOLATION (0xc0000005), reading address 0x000001bedf19f23a


Register to memory mapping:

RIP=0x00007ff8c9f49eb2 nvoglv64.dll
RAX=0x00000018d30e2c70 is an unknown value
RBX=0x000001bedf19f230 is an unknown value
RCX=0x0 is NULL
RDX=0x0000005959558b92 is an unknown value
RSP=0x0000002e11cfe840 is pointing into the stack for thread: 0x000001bedf712000
RBP=0x000001bee307a080 points into unknown readable memory: 00 00 00 00 00 00 00 00
RSI=0x0000000000000006 is an unknown value
RDI=0x0000000000000001 is an unknown value
R8 =0x00000000000001d1 is an unknown value
R9 =0x0 is NULL
R10=0x00000000546c6148 is an unknown value
R11=0x0000009ee53830cf is an unknown value
R12=0x0000000000001403 is an unknown value
R13=0x0000000000001403 is an unknown value
R14=0x000001bedf19f230 is an unknown value
R15=0x000001bedf712000 is a thread


Registers:
RAX=0x00000018d30e2c70, RBX=0x000001bedf19f230, RCX=0x0000000000000000, RDX=0x0000005959558b92
RSP=0x0000002e11cfe840, RBP=0x000001bee307a080, RSI=0x0000000000000006, RDI=0x0000000000000001
R8 =0x00000000000001d1, R9 =0x0000000000000000, R10=0x00000000546c6148, R11=0x0000009ee53830cf
R12=0x0000000000001403, R13=0x0000000000001403, R14=0x000001bedf19f230, R15=0x000001bedf712000
RIP=0x00007ff8c9f49eb2, EFLAGS=0x0000000000010246

Top of Stack: (sp=0x0000002e11cfe840)
0x0000002e11cfe840:   000000000000000c 0000000000000002
0x0000002e11cfe850:   0000000000000002 0000002e11cfe858
0x0000002e11cfe860:   000001bee7fbe54b 0000002e11cfe8e8
0x0000002e11cfe870:   000001bee7fc0d90 0000000000000000
0x0000002e11cfe880:   000000061f350990 000001bee7fbe5b8
0x0000002e11cfe890:   0000000000000000 0000002e11cfe8c8
0x0000002e11cfe8a0:   0000002e11cfe938 000001bedf712000
0x0000002e11cfe8b0:   000001bedf19f230 0000000000001403
0x0000002e11cfe8c0:   000001bee307a080 0000000000000004
0x0000002e11cfe8d0:   0000000000000006 0000002e11cfea28
0x0000002e11cfe8e0:   0000000000000000 00007ff8c9ba7846
0x0000002e11cfe8f0:   000001bee307aed8 000001be00000004
0x0000002e11cfe900:   0000002e00000000 000001be00000000
0x0000002e11cfe910:   000000000000000c 0000000600001403
0x0000002e11cfe920:   000001bedf19f230 0000000000000000
0x0000002e11cfe930:   0000002e11cfe900 0000002e11cfe9c8 

Instructions: (pc=0x00007ff8c9f49eb2)
0x00007ff8c9f49db2:   e1 03 48 89 94 24 b0 00 00 00 d3 e3 44 8b 52 14
0x00007ff8c9f49dc2:   8b 42 18 41 f7 d2 44 23 52 0c 41 0b c2 89 9c 24
0x00007ff8c9f49dd2:   d0 00 00 00 f7 d0 23 42 10 80 7a 1e 00 0f 85 db
0x00007ff8c9f49de2:   08 00 00 80 bd dc ec 55 00 00 0f 85 ce 08 00 00
0x00007ff8c9f49df2:   85 f6 0f 8e c6 08 00 00 3b 9d e8 ee 55 00 0f 8f
0x00007ff8c9f49e02:   ba 08 00 00 83 7a 08 00 0f 85 b0 08 00 00 80 7a
0x00007ff8c9f49e12:   1d 00 0f 85 a6 08 00 00 80 7a 1c 00 0f 85 9c 08
0x00007ff8c9f49e22:   00 00 80 bd e5 38 55 00 00 0f 85 8f 08 00 00 80
0x00007ff8c9f49e32:   bd ec 38 55 00 00 0f 85 82 08 00 00 a9 00 00 03
0x00007ff8c9f49e42:   00 0f 85 77 08 00 00 44 0b d0 44 85 52 20 0f 85
0x00007ff8c9f49e52:   6a 08 00 00 48 89 bc 24 80 00 00 00 48 8d 8d 40
0x00007ff8c9f49e62:   f0 55 00 4c 89 6c 24 78 bf 01 00 00 00 8b d7 4c
0x00007ff8c9f49e72:   89 74 24 70 4c 89 7c 24 68 e8 10 e8 e6 ff 48 8b
0x00007ff8c9f49e82:   9c 24 e0 00 00 00 41 81 fc 05 14 00 00 75 18 8b
0x00007ff8c9f49e92:   44 b3 fc 4c 8d 6e ff 8b 0b 44 8b f0 3b c8 44 0f
0x00007ff8c9f49ea2:   47 f1 0f 42 c1 eb 5c 41 81 fc 03 14 00 00 75 23
0x00007ff8c9f49eb2:   0f b7 4c 73 fe 4c 8d 6e ff 0f b7 13 0f b7 c1 66
0x00007ff8c9f49ec2:   3b d1 66 0f 47 c2 66 0f 42 ca 44 0f b7 f0 0f b7
0x00007ff8c9f49ed2:   c1 eb 30 41 81 fc 01 14 00 00 0f 85 95 07 00 00
0x00007ff8c9f49ee2:   0f b6 54 33 ff 4c 8d 6e ff 44 0f b6 03 8b ca 44
0x00007ff8c9f49ef2:   3a c2 41 0f 47 c8 44 0f b6 f1 8b ca 41 0f 42 c8
0x00007ff8c9f49f02:   0f b6 c1 48 8b 8c 24 b0 00 00 00 44 8d 7e ff 44
0x00007ff8c9f49f12:   2b f0 e8 37 0c 00 00 48 8b 84 24 b0 00 00 00 44
0x00007ff8c9f49f22:   8b 50 78 41 8b c2 41 0f af c6 44 89 94 24 d8 00
0x00007ff8c9f49f32:   00 00 3b 85 ec ee 55 00 0f 8f 37 07 00 00 0f 29
0x00007ff8c9f49f42:   74 24 50 41 81 fc 05 14 00 00 0f 85 15 01 00 00
0x00007ff8c9f49f52:   44 8b 0b 45 8b f1 48 8d 53 04 3b f7 0f 8e 8d 03
0x00007ff8c9f49f62:   00 00 41 83 ff 08 0f 82 b6 00 00 00 83 3d bb 87
0x00007ff8c9f49f72:   bf 01 02 0f 8c a9 00 00 00 41 81 e7 07 00 00 80
0x00007ff8c9f49f82:   7d 0a 41 ff cf 41 83 cf f8 41 ff c7 66 41 0f 6e
0x00007ff8c9f49f92:   c9 8b c6 66 0f 70 c9 00 41 2b c7 66 0f 6f d9 66
0x00007ff8c9f49fa2:   0f 6f e1 66 0f 6f d1 0f 1f 80 00 00 00 00 f3 0f 


Stack slot to memory mapping:
stack at sp + 0 slots: 0x000000000000000c is an unknown value
stack at sp + 1 slots: 0x0000000000000002 is an unknown value
stack at sp + 2 slots: 0x0000000000000002 is an unknown value
stack at sp + 3 slots: 0x0000002e11cfe858 is pointing into the stack for thread: 0x000001bedf712000
stack at sp + 4 slots: 0x000001bee7fbe54b is pointing into metadata
stack at sp + 5 slots: 0x0000002e11cfe8e8 is pointing into the stack for thread: 0x000001bedf712000
stack at sp + 6 slots: 0x000001bee7fc0d90 is pointing into metadata
stack at sp + 7 slots: 0x0 is NULL


---------------  P R O C E S S  ---------------

Threads class SMR info:
_java_thread_list=0x000001bedfff13c0, length=17, elements={
0x000001bed9ff5000, 0x000001beda000000, 0x000001beda064800, 0x000001beda065800,
0x000001beda067800, 0x000001beda06a800, 0x000001beda073800, 0x000001beda1ec000,
0x000001beda204000, 0x000001beda289800, 0x000001beda298000, 0x000001beda71b800,
0x000001beda75d000, 0x000001bedf712000, 0x000001beab6ad800, 0x000001bedfd5d000,
0x000001bedfffc800
}

Java Threads: ( => current thread )
  0x000001bed9ff5000 JavaThread "Reference Handler" daemon [_thread_blocked, id=11016, stack(0x0000002e10800000,0x0000002e10900000)]
  0x000001beda000000 JavaThread "Finalizer" daemon [_thread_blocked, id=2520, stack(0x0000002e10900000,0x0000002e10a00000)]
  0x000001beda064800 JavaThread "Signal Dispatcher" daemon [_thread_blocked, id=11300, stack(0x0000002e10a00000,0x0000002e10b00000)]
  0x000001beda065800 JavaThread "Attach Listener" daemon [_thread_blocked, id=5728, stack(0x0000002e10b00000,0x0000002e10c00000)]
  0x000001beda067800 JavaThread "C2 CompilerThread0" daemon [_thread_blocked, id=956, stack(0x0000002e10c00000,0x0000002e10d00000)]
  0x000001beda06a800 JavaThread "C1 CompilerThread0" daemon [_thread_blocked, id=1872, stack(0x0000002e10d00000,0x0000002e10e00000)]
  0x000001beda073800 JavaThread "Sweeper thread" daemon [_thread_blocked, id=14680, stack(0x0000002e10e00000,0x0000002e10f00000)]
  0x000001beda1ec000 JavaThread "Service Thread" daemon [_thread_blocked, id=17228, stack(0x0000002e10f00000,0x0000002e11000000)]
  0x000001beda204000 JavaThread "Common-Cleaner" daemon [_thread_blocked, id=10900, stack(0x0000002e11100000,0x0000002e11200000)]
  0x000001beda289800 JavaThread "C1 CompilerThread1" daemon [_thread_blocked, id=10992, stack(0x0000002e11400000,0x0000002e11500000)]
  0x000001beda298000 JavaThread "C1 CompilerThread2" daemon [_thread_blocked, id=1640, stack(0x0000002e11500000,0x0000002e11600000)]
  0x000001beda71b800 JavaThread "Java2D Disposer" daemon [_thread_blocked, id=6676, stack(0x0000002e11600000,0x0000002e11700000)]
  0x000001beda75d000 JavaThread "AWT-Windows" daemon [_thread_in_native, id=15692, stack(0x0000002e11800000,0x0000002e11900000)]
=>0x000001bedf712000 JavaThread "LWJGL Application" [_thread_in_native, id=10104, stack(0x0000002e11c00000,0x0000002e11d00000)]
  0x000001beab6ad800 JavaThread "DestroyJavaVM" [_thread_blocked, id=2420, stack(0x0000002e10100000,0x0000002e10200000)]
  0x000001bedfd5d000 JavaThread "C1 CompilerThread3" daemon [_thread_blocked, id=2472, stack(0x0000002e12200000,0x0000002e12300000)]
  0x000001bedfffc800 JavaThread "LWJGL Timer" daemon [_thread_blocked, id=12712, stack(0x0000002e12300000,0x0000002e12400000)]

Other Threads:
  0x000001bed9fd2000 VMThread "VM Thread" [stack: 0x0000002e10700000,0x0000002e10800000] [id=9400]
  0x000001beda201000 WatcherThread [stack: 0x0000002e11000000,0x0000002e11100000] [id=1968]
  0x000001beab6c6800 GCTaskThread "GC Thread#0" [stack: 0x0000002e10200000,0x0000002e10300000] [id=13408]
  0x000001bee000f000 GCTaskThread "GC Thread#1" [stack: 0x0000002e12400000,0x0000002e12500000] [id=932]
  0x000001bee000f800 GCTaskThread "GC Thread#2" [stack: 0x0000002e12500000,0x0000002e12600000] [id=9456]
  0x000001bee0010800 GCTaskThread "GC Thread#3" [stack: 0x0000002e12600000,0x0000002e12700000] [id=9548]
  0x000001bee002d800 GCTaskThread "GC Thread#4" [stack: 0x0000002e12700000,0x0000002e12800000] [id=14880]
  0x000001bee0031000 GCTaskThread "GC Thread#5" [stack: 0x0000002e12800000,0x0000002e12900000] [id=14004]
  0x000001bee005a800 GCTaskThread "GC Thread#6" [stack: 0x0000002e12900000,0x0000002e12a00000] [id=15176]
  0x000001bee005f000 GCTaskThread "GC Thread#7" [stack: 0x0000002e12a00000,0x0000002e12b00000] [id=16476]
  0x000001bee005f800 GCTaskThread "GC Thread#8" [stack: 0x0000002e12b00000,0x0000002e12c00000] [id=1860]
  0x000001bee0060800 GCTaskThread "GC Thread#9" [stack: 0x0000002e12c00000,0x0000002e12d00000] [id=11456]
  0x000001bedfe18800 GCTaskThread "GC Thread#10" [stack: 0x0000002e12d00000,0x0000002e12e00000] [id=4852]
  0x000001bedfe19800 GCTaskThread "GC Thread#11" [stack: 0x0000002e12e00000,0x0000002e12f00000] [id=16900]
  0x000001beab747800 ConcurrentGCThread "G1 Main Marker" [stack: 0x0000002e10300000,0x0000002e10400000] [id=4452]
  0x000001beab749000 ConcurrentGCThread "G1 Conc#0" [stack: 0x0000002e10400000,0x0000002e10500000] [id=2364]
  0x000001bed9529000 ConcurrentGCThread "G1 Refine#0" [stack: 0x0000002e10500000,0x0000002e10600000] [id=8828]
  0x000001bed952a000 ConcurrentGCThread "G1 Young RemSet Sampling" [stack: 0x0000002e10600000,0x0000002e10700000] [id=14248]

Threads with active compile tasks:

VM state:not at safepoint (normal execution)

VM Mutex/Monitor currently owned by a thread: None

Heap address: 0x0000000600c00000, size: 8180 MB, Compressed Oops mode: Zero based, Oop shift amount: 3
Narrow klass base: 0x0000000800000000, Narrow klass shift: 0
Compressed class space size: 1073741824 Address: 0x0000000800000000

Heap:
 garbage-first heap   total 524288K, used 16860K [0x0000000600c00000, 0x0000000800000000)
  region size 2048K, 11 young (22528K), 2 survivors (4096K)
 Metaspace       used 12971K, capacity 13196K, committed 13568K, reserved 1060864K
  class space    used 1126K, capacity 1219K, committed 1280K, reserved 1048576K
Heap Regions: E=young(eden), S=young(survivor), O=old, HS=humongous(starts), HC=humongous(continues), CS=collection set, F=free, A=archive, TAMS=top-at-mark-start (previous, next)
|   0|0x0000000600c00000, 0x0000000600c00000, 0x0000000600e00000|  0%| F|  |TAMS 0x0000000600c00000, 0x0000000600c00000| Untracked 
|   1|0x0000000600e00000, 0x0000000600e00000, 0x0000000601000000|  0%| F|  |TAMS 0x0000000600e00000, 0x0000000600e00000| Untracked 
|   2|0x0000000601000000, 0x0000000601000000, 0x0000000601200000|  0%| F|  |TAMS 0x0000000601000000, 0x0000000601000000| Untracked 
|   3|0x0000000601200000, 0x0000000601200000, 0x0000000601400000|  0%| F|  |TAMS 0x0000000601200000, 0x0000000601200000| Untracked 
|   4|0x0000000601400000, 0x0000000601400000, 0x0000000601600000|  0%| F|  |TAMS 0x0000000601400000, 0x0000000601400000| Untracked 
|   5|0x0000000601600000, 0x0000000601600000, 0x0000000601800000|  0%| F|  |TAMS 0x0000000601600000, 0x0000000601600000| Untracked 
|   6|0x0000000601800000, 0x0000000601800000, 0x0000000601a00000|  0%| F|  |TAMS 0x0000000601800000, 0x0000000601800000| Untracked 
|   7|0x0000000601a00000, 0x0000000601a00000, 0x0000000601c00000|  0%| F|  |TAMS 0x0000000601a00000, 0x0000000601a00000| Untracked 
|   8|0x0000000601c00000, 0x0000000601c00000, 0x0000000601e00000|  0%| F|  |TAMS 0x0000000601c00000, 0x0000000601c00000| Untracked 
|   9|0x0000000601e00000, 0x0000000601e00000, 0x0000000602000000|  0%| F|  |TAMS 0x0000000601e00000, 0x0000000601e00000| Untracked 
|  10|0x0000000602000000, 0x0000000602000000, 0x0000000602200000|  0%| F|  |TAMS 0x0000000602000000, 0x0000000602000000| Untracked 
|  11|0x0000000602200000, 0x0000000602200000, 0x0000000602400000|  0%| F|  |TAMS 0x0000000602200000, 0x0000000602200000| Untracked 
|  12|0x0000000602400000, 0x0000000602400000, 0x0000000602600000|  0%| F|  |TAMS 0x0000000602400000, 0x0000000602400000| Untracked 
|  13|0x0000000602600000, 0x0000000602600000, 0x0000000602800000|  0%| F|  |TAMS 0x0000000602600000, 0x0000000602600000| Untracked 
|  14|0x0000000602800000, 0x0000000602800000, 0x0000000602a00000|  0%| F|  |TAMS 0x0000000602800000, 0x0000000602800000| Untracked 
|  15|0x0000000602a00000, 0x0000000602a00000, 0x0000000602c00000|  0%| F|  |TAMS 0x0000000602a00000, 0x0000000602a00000| Untracked 
|  16|0x0000000602c00000, 0x0000000602c00000, 0x0000000602e00000|  0%| F|  |TAMS 0x0000000602c00000, 0x0000000602c00000| Untracked 
|  17|0x0000000602e00000, 0x0000000602e00000, 0x0000000603000000|  0%| F|  |TAMS 0x0000000602e00000, 0x0000000602e00000| Untracked 
|  18|0x0000000603000000, 0x0000000603000000, 0x0000000603200000|  0%| F|  |TAMS 0x0000000603000000, 0x0000000603000000| Untracked 
|  19|0x0000000603200000, 0x0000000603200000, 0x0000000603400000|  0%| F|  |TAMS 0x0000000603200000, 0x0000000603200000| Untracked 
|  20|0x0000000603400000, 0x0000000603400000, 0x0000000603600000|  0%| F|  |TAMS 0x0000000603400000, 0x0000000603400000| Untracked 
|  21|0x0000000603600000, 0x0000000603600000, 0x0000000603800000|  0%| F|  |TAMS 0x0000000603600000, 0x0000000603600000| Untracked 
|  22|0x0000000603800000, 0x0000000603800000, 0x0000000603a00000|  0%| F|  |TAMS 0x0000000603800000, 0x0000000603800000| Untracked 
|  23|0x0000000603a00000, 0x0000000603a00000, 0x0000000603c00000|  0%| F|  |TAMS 0x0000000603a00000, 0x0000000603a00000| Untracked 
|  24|0x0000000603c00000, 0x0000000603c00000, 0x0000000603e00000|  0%| F|  |TAMS 0x0000000603c00000, 0x0000000603c00000| Untracked 
|  25|0x0000000603e00000, 0x0000000603e00000, 0x0000000604000000|  0%| F|  |TAMS 0x0000000603e00000, 0x0000000603e00000| Untracked 
|  26|0x0000000604000000, 0x0000000604000000, 0x0000000604200000|  0%| F|  |TAMS 0x0000000604000000, 0x0000000604000000| Untracked 
|  27|0x0000000604200000, 0x0000000604200000, 0x0000000604400000|  0%| F|  |TAMS 0x0000000604200000, 0x0000000604200000| Untracked 
|  28|0x0000000604400000, 0x0000000604400000, 0x0000000604600000|  0%| F|  |TAMS 0x0000000604400000, 0x0000000604400000| Untracked 
|  29|0x0000000604600000, 0x0000000604600000, 0x0000000604800000|  0%| F|  |TAMS 0x0000000604600000, 0x0000000604600000| Untracked 
|  30|0x0000000604800000, 0x0000000604800000, 0x0000000604a00000|  0%| F|  |TAMS 0x0000000604800000, 0x0000000604800000| Untracked 
|  31|0x0000000604a00000, 0x0000000604a00000, 0x0000000604c00000|  0%| F|  |TAMS 0x0000000604a00000, 0x0000000604a00000| Untracked 
|  32|0x0000000604c00000, 0x0000000604c00000, 0x0000000604e00000|  0%| F|  |TAMS 0x0000000604c00000, 0x0000000604c00000| Untracked 
|  33|0x0000000604e00000, 0x0000000604e00000, 0x0000000605000000|  0%| F|  |TAMS 0x0000000604e00000, 0x0000000604e00000| Untracked 
|  34|0x0000000605000000, 0x0000000605000000, 0x0000000605200000|  0%| F|  |TAMS 0x0000000605000000, 0x0000000605000000| Untracked 
|  35|0x0000000605200000, 0x0000000605200000, 0x0000000605400000|  0%| F|  |TAMS 0x0000000605200000, 0x0000000605200000| Untracked 
|  36|0x0000000605400000, 0x0000000605400000, 0x0000000605600000|  0%| F|  |TAMS 0x0000000605400000, 0x0000000605400000| Untracked 
|  37|0x0000000605600000, 0x0000000605600000, 0x0000000605800000|  0%| F|  |TAMS 0x0000000605600000, 0x0000000605600000| Untracked 
|  38|0x0000000605800000, 0x0000000605800000, 0x0000000605a00000|  0%| F|  |TAMS 0x0000000605800000, 0x0000000605800000| Untracked 
|  39|0x0000000605a00000, 0x0000000605a00000, 0x0000000605c00000|  0%| F|  |TAMS 0x0000000605a00000, 0x0000000605a00000| Untracked 
|  40|0x0000000605c00000, 0x0000000605c00000, 0x0000000605e00000|  0%| F|  |TAMS 0x0000000605c00000, 0x0000000605c00000| Untracked 
|  41|0x0000000605e00000, 0x0000000605e00000, 0x0000000606000000|  0%| F|  |TAMS 0x0000000605e00000, 0x0000000605e00000| Untracked 
|  42|0x0000000606000000, 0x0000000606000000, 0x0000000606200000|  0%| F|  |TAMS 0x0000000606000000, 0x0000000606000000| Untracked 
|  43|0x0000000606200000, 0x0000000606200000, 0x0000000606400000|  0%| F|  |TAMS 0x0000000606200000, 0x0000000606200000| Untracked 
|  44|0x0000000606400000, 0x0000000606400000, 0x0000000606600000|  0%| F|  |TAMS 0x0000000606400000, 0x0000000606400000| Untracked 
|  45|0x0000000606600000, 0x0000000606600000, 0x0000000606800000|  0%| F|  |TAMS 0x0000000606600000, 0x0000000606600000| Untracked 
|  46|0x0000000606800000, 0x0000000606800000, 0x0000000606a00000|  0%| F|  |TAMS 0x0000000606800000, 0x0000000606800000| Untracked 
|  47|0x0000000606a00000, 0x0000000606a00000, 0x0000000606c00000|  0%| F|  |TAMS 0x0000000606a00000, 0x0000000606a00000| Untracked 
|  48|0x0000000606c00000, 0x0000000606c00000, 0x0000000606e00000|  0%| F|  |TAMS 0x0000000606c00000, 0x0000000606c00000| Untracked 
|  49|0x0000000606e00000, 0x0000000606e00000, 0x0000000607000000|  0%| F|  |TAMS 0x0000000606e00000, 0x0000000606e00000| Untracked 
|  50|0x0000000607000000, 0x0000000607000000, 0x0000000607200000|  0%| F|  |TAMS 0x0000000607000000, 0x0000000607000000| Untracked 
|  51|0x0000000607200000, 0x0000000607200000, 0x0000000607400000|  0%| F|  |TAMS 0x0000000607200000, 0x0000000607200000| Untracked 
|  52|0x0000000607400000, 0x0000000607400000, 0x0000000607600000|  0%| F|  |TAMS 0x0000000607400000, 0x0000000607400000| Untracked 
|  53|0x0000000607600000, 0x0000000607600000, 0x0000000607800000|  0%| F|  |TAMS 0x0000000607600000, 0x0000000607600000| Untracked 
|  54|0x0000000607800000, 0x0000000607800000, 0x0000000607a00000|  0%| F|  |TAMS 0x0000000607800000, 0x0000000607800000| Untracked 
|  55|0x0000000607a00000, 0x0000000607a00000, 0x0000000607c00000|  0%| F|  |TAMS 0x0000000607a00000, 0x0000000607a00000| Untracked 
|  56|0x0000000607c00000, 0x0000000607c00000, 0x0000000607e00000|  0%| F|  |TAMS 0x0000000607c00000, 0x0000000607c00000| Untracked 
|  57|0x0000000607e00000, 0x0000000607e00000, 0x0000000608000000|  0%| F|  |TAMS 0x0000000607e00000, 0x0000000607e00000| Untracked 
|  58|0x0000000608000000, 0x0000000608000000, 0x0000000608200000|  0%| F|  |TAMS 0x0000000608000000, 0x0000000608000000| Untracked 
|  59|0x0000000608200000, 0x0000000608200000, 0x0000000608400000|  0%| F|  |TAMS 0x0000000608200000, 0x0000000608200000| Untracked 
|  60|0x0000000608400000, 0x0000000608400000, 0x0000000608600000|  0%| F|  |TAMS 0x0000000608400000, 0x0000000608400000| Untracked 
|  61|0x0000000608600000, 0x0000000608600000, 0x0000000608800000|  0%| F|  |TAMS 0x0000000608600000, 0x0000000608600000| Untracked 
|  62|0x0000000608800000, 0x0000000608800000, 0x0000000608a00000|  0%| F|  |TAMS 0x0000000608800000, 0x0000000608800000| Untracked 
|  63|0x0000000608a00000, 0x0000000608a00000, 0x0000000608c00000|  0%| F|  |TAMS 0x0000000608a00000, 0x0000000608a00000| Untracked 
|  64|0x0000000608c00000, 0x0000000608c00000, 0x0000000608e00000|  0%| F|  |TAMS 0x0000000608c00000, 0x0000000608c00000| Untracked 
|  65|0x0000000608e00000, 0x0000000608e00000, 0x0000000609000000|  0%| F|  |TAMS 0x0000000608e00000, 0x0000000608e00000| Untracked 
|  66|0x0000000609000000, 0x0000000609000000, 0x0000000609200000|  0%| F|  |TAMS 0x0000000609000000, 0x0000000609000000| Untracked 
|  67|0x0000000609200000, 0x0000000609200000, 0x0000000609400000|  0%| F|  |TAMS 0x0000000609200000, 0x0000000609200000| Untracked 
|  68|0x0000000609400000, 0x0000000609400000, 0x0000000609600000|  0%| F|  |TAMS 0x0000000609400000, 0x0000000609400000| Untracked 
|  69|0x0000000609600000, 0x0000000609600000, 0x0000000609800000|  0%| F|  |TAMS 0x0000000609600000, 0x0000000609600000| Untracked 
|  70|0x0000000609800000, 0x0000000609800000, 0x0000000609a00000|  0%| F|  |TAMS 0x0000000609800000, 0x0000000609800000| Untracked 
|  71|0x0000000609a00000, 0x0000000609a00000, 0x0000000609c00000|  0%| F|  |TAMS 0x0000000609a00000, 0x0000000609a00000| Untracked 
|  72|0x0000000609c00000, 0x0000000609c00000, 0x0000000609e00000|  0%| F|  |TAMS 0x0000000609c00000, 0x0000000609c00000| Untracked 
|  73|0x0000000609e00000, 0x0000000609e00000, 0x000000060a000000|  0%| F|  |TAMS 0x0000000609e00000, 0x0000000609e00000| Untracked 
|  74|0x000000060a000000, 0x000000060a000000, 0x000000060a200000|  0%| F|  |TAMS 0x000000060a000000, 0x000000060a000000| Untracked 
|  75|0x000000060a200000, 0x000000060a200000, 0x000000060a400000|  0%| F|  |TAMS 0x000000060a200000, 0x000000060a200000| Untracked 
|  76|0x000000060a400000, 0x000000060a400000, 0x000000060a600000|  0%| F|  |TAMS 0x000000060a400000, 0x000000060a400000| Untracked 
|  77|0x000000060a600000, 0x000000060a600000, 0x000000060a800000|  0%| F|  |TAMS 0x000000060a600000, 0x000000060a600000| Untracked 
|  78|0x000000060a800000, 0x000000060a800000, 0x000000060aa00000|  0%| F|  |TAMS 0x000000060a800000, 0x000000060a800000| Untracked 
|  79|0x000000060aa00000, 0x000000060aa00000, 0x000000060ac00000|  0%| F|  |TAMS 0x000000060aa00000, 0x000000060aa00000| Untracked 
|  80|0x000000060ac00000, 0x000000060ac00000, 0x000000060ae00000|  0%| F|  |TAMS 0x000000060ac00000, 0x000000060ac00000| Untracked 
|  81|0x000000060ae00000, 0x000000060ae00000, 0x000000060b000000|  0%| F|  |TAMS 0x000000060ae00000, 0x000000060ae00000| Untracked 
|  82|0x000000060b000000, 0x000000060b000000, 0x000000060b200000|  0%| F|  |TAMS 0x000000060b000000, 0x000000060b000000| Untracked 
|  83|0x000000060b200000, 0x000000060b200000, 0x000000060b400000|  0%| F|  |TAMS 0x000000060b200000, 0x000000060b200000| Untracked 
|  84|0x000000060b400000, 0x000000060b400000, 0x000000060b600000|  0%| F|  |TAMS 0x000000060b400000, 0x000000060b400000| Untracked 
|  85|0x000000060b600000, 0x000000060b600000, 0x000000060b800000|  0%| F|  |TAMS 0x000000060b600000, 0x000000060b600000| Untracked 
|  86|0x000000060b800000, 0x000000060b800000, 0x000000060ba00000|  0%| F|  |TAMS 0x000000060b800000, 0x000000060b800000| Untracked 
|  87|0x000000060ba00000, 0x000000060ba00000, 0x000000060bc00000|  0%| F|  |TAMS 0x000000060ba00000, 0x000000060ba00000| Untracked 
|  88|0x000000060bc00000, 0x000000060bc00000, 0x000000060be00000|  0%| F|  |TAMS 0x000000060bc00000, 0x000000060bc00000| Untracked 
|  89|0x000000060be00000, 0x000000060be00000, 0x000000060c000000|  0%| F|  |TAMS 0x000000060be00000, 0x000000060be00000| Untracked 
|  90|0x000000060c000000, 0x000000060c000000, 0x000000060c200000|  0%| F|  |TAMS 0x000000060c000000, 0x000000060c000000| Untracked 
|  91|0x000000060c200000, 0x000000060c200000, 0x000000060c400000|  0%| F|  |TAMS 0x000000060c200000, 0x000000060c200000| Untracked 
|  92|0x000000060c400000, 0x000000060c400000, 0x000000060c600000|  0%| F|  |TAMS 0x000000060c400000, 0x000000060c400000| Untracked 
|  93|0x000000060c600000, 0x000000060c600000, 0x000000060c800000|  0%| F|  |TAMS 0x000000060c600000, 0x000000060c600000| Untracked 
|  94|0x000000060c800000, 0x000000060c800000, 0x000000060ca00000|  0%| F|  |TAMS 0x000000060c800000, 0x000000060c800000| Untracked 
|  95|0x000000060ca00000, 0x000000060ca00000, 0x000000060cc00000|  0%| F|  |TAMS 0x000000060ca00000, 0x000000060ca00000| Untracked 
|  96|0x000000060cc00000, 0x000000060cc00000, 0x000000060ce00000|  0%| F|  |TAMS 0x000000060cc00000, 0x000000060cc00000| Untracked 
|  97|0x000000060ce00000, 0x000000060ce00000, 0x000000060d000000|  0%| F|  |TAMS 0x000000060ce00000, 0x000000060ce00000| Untracked 
|  98|0x000000060d000000, 0x000000060d000000, 0x000000060d200000|  0%| F|  |TAMS 0x000000060d000000, 0x000000060d000000| Untracked 
|  99|0x000000060d200000, 0x000000060d200000, 0x000000060d400000|  0%| F|  |TAMS 0x000000060d200000, 0x000000060d200000| Untracked 
| 100|0x000000060d400000, 0x000000060d400000, 0x000000060d600000|  0%| F|  |TAMS 0x000000060d400000, 0x000000060d400000| Untracked 
| 101|0x000000060d600000, 0x000000060d600000, 0x000000060d800000|  0%| F|  |TAMS 0x000000060d600000, 0x000000060d600000| Untracked 
| 102|0x000000060d800000, 0x000000060d800000, 0x000000060da00000|  0%| F|  |TAMS 0x000000060d800000, 0x000000060d800000| Untracked 
| 103|0x000000060da00000, 0x000000060da00000, 0x000000060dc00000|  0%| F|  |TAMS 0x000000060da00000, 0x000000060da00000| Untracked 
| 104|0x000000060dc00000, 0x000000060dc00000, 0x000000060de00000|  0%| F|  |TAMS 0x000000060dc00000, 0x000000060dc00000| Untracked 
| 105|0x000000060de00000, 0x000000060de00000, 0x000000060e000000|  0%| F|  |TAMS 0x000000060de00000, 0x000000060de00000| Untracked 
| 106|0x000000060e000000, 0x000000060e000000, 0x000000060e200000|  0%| F|  |TAMS 0x000000060e000000, 0x000000060e000000| Untracked 
| 107|0x000000060e200000, 0x000000060e200000, 0x000000060e400000|  0%| F|  |TAMS 0x000000060e200000, 0x000000060e200000| Untracked 
| 108|0x000000060e400000, 0x000000060e400000, 0x000000060e600000|  0%| F|  |TAMS 0x000000060e400000, 0x000000060e400000| Untracked 
| 109|0x000000060e600000, 0x000000060e600000, 0x000000060e800000|  0%| F|  |TAMS 0x000000060e600000, 0x000000060e600000| Untracked 
| 110|0x000000060e800000, 0x000000060e800000, 0x000000060ea00000|  0%| F|  |TAMS 0x000000060e800000, 0x000000060e800000| Untracked 
| 111|0x000000060ea00000, 0x000000060ea00000, 0x000000060ec00000|  0%| F|  |TAMS 0x000000060ea00000, 0x000000060ea00000| Untracked 
| 112|0x000000060ec00000, 0x000000060ec00000, 0x000000060ee00000|  0%| F|  |TAMS 0x000000060ec00000, 0x000000060ec00000| Untracked 
| 113|0x000000060ee00000, 0x000000060ee00000, 0x000000060f000000|  0%| F|  |TAMS 0x000000060ee00000, 0x000000060ee00000| Untracked 
| 114|0x000000060f000000, 0x000000060f000000, 0x000000060f200000|  0%| F|  |TAMS 0x000000060f000000, 0x000000060f000000| Untracked 
| 115|0x000000060f200000, 0x000000060f200000, 0x000000060f400000|  0%| F|  |TAMS 0x000000060f200000, 0x000000060f200000| Untracked 
| 116|0x000000060f400000, 0x000000060f400000, 0x000000060f600000|  0%| F|  |TAMS 0x000000060f400000, 0x000000060f400000| Untracked 
| 117|0x000000060f600000, 0x000000060f600000, 0x000000060f800000|  0%| F|  |TAMS 0x000000060f600000, 0x000000060f600000| Untracked 
| 118|0x000000060f800000, 0x000000060f800000, 0x000000060fa00000|  0%| F|  |TAMS 0x000000060f800000, 0x000000060f800000| Untracked 
| 119|0x000000060fa00000, 0x000000060fa00000, 0x000000060fc00000|  0%| F|  |TAMS 0x000000060fa00000, 0x000000060fa00000| Untracked 
| 120|0x000000060fc00000, 0x000000060fc00000, 0x000000060fe00000|  0%| F|  |TAMS 0x000000060fc00000, 0x000000060fc00000| Untracked 
| 121|0x000000060fe00000, 0x000000060fe00000, 0x0000000610000000|  0%| F|  |TAMS 0x000000060fe00000, 0x000000060fe00000| Untracked 
| 122|0x0000000610000000, 0x0000000610000000, 0x0000000610200000|  0%| F|  |TAMS 0x0000000610000000, 0x0000000610000000| Untracked 
| 123|0x0000000610200000, 0x0000000610200000, 0x0000000610400000|  0%| F|  |TAMS 0x0000000610200000, 0x0000000610200000| Untracked 
| 124|0x0000000610400000, 0x0000000610400000, 0x0000000610600000|  0%| F|  |TAMS 0x0000000610400000, 0x0000000610400000| Untracked 
| 125|0x0000000610600000, 0x0000000610600000, 0x0000000610800000|  0%| F|  |TAMS 0x0000000610600000, 0x0000000610600000| Untracked 
| 126|0x0000000610800000, 0x0000000610800000, 0x0000000610a00000|  0%| F|  |TAMS 0x0000000610800000, 0x0000000610800000| Untracked 
| 127|0x0000000610a00000, 0x0000000610a00000, 0x0000000610c00000|  0%| F|  |TAMS 0x0000000610a00000, 0x0000000610a00000| Untracked 
| 128|0x0000000610c00000, 0x0000000610c00000, 0x0000000610e00000|  0%| F|  |TAMS 0x0000000610c00000, 0x0000000610c00000| Untracked 
| 129|0x0000000610e00000, 0x0000000610e00000, 0x0000000611000000|  0%| F|  |TAMS 0x0000000610e00000, 0x0000000610e00000| Untracked 
| 130|0x0000000611000000, 0x0000000611000000, 0x0000000611200000|  0%| F|  |TAMS 0x0000000611000000, 0x0000000611000000| Untracked 
| 131|0x0000000611200000, 0x0000000611200000, 0x0000000611400000|  0%| F|  |TAMS 0x0000000611200000, 0x0000000611200000| Untracked 
| 132|0x0000000611400000, 0x0000000611400000, 0x0000000611600000|  0%| F|  |TAMS 0x0000000611400000, 0x0000000611400000| Untracked 
| 133|0x0000000611600000, 0x0000000611600000, 0x0000000611800000|  0%| F|  |TAMS 0x0000000611600000, 0x0000000611600000| Untracked 
| 134|0x0000000611800000, 0x0000000611800000, 0x0000000611a00000|  0%| F|  |TAMS 0x0000000611800000, 0x0000000611800000| Untracked 
| 135|0x0000000611a00000, 0x0000000611a00000, 0x0000000611c00000|  0%| F|  |TAMS 0x0000000611a00000, 0x0000000611a00000| Untracked 
| 136|0x0000000611c00000, 0x0000000611c00000, 0x0000000611e00000|  0%| F|  |TAMS 0x0000000611c00000, 0x0000000611c00000| Untracked 
| 137|0x0000000611e00000, 0x0000000611e00000, 0x0000000612000000|  0%| F|  |TAMS 0x0000000611e00000, 0x0000000611e00000| Untracked 
| 138|0x0000000612000000, 0x0000000612000000, 0x0000000612200000|  0%| F|  |TAMS 0x0000000612000000, 0x0000000612000000| Untracked 
| 139|0x0000000612200000, 0x0000000612200000, 0x0000000612400000|  0%| F|  |TAMS 0x0000000612200000, 0x0000000612200000| Untracked 
| 140|0x0000000612400000, 0x0000000612400000, 0x0000000612600000|  0%| F|  |TAMS 0x0000000612400000, 0x0000000612400000| Untracked 
| 141|0x0000000612600000, 0x0000000612600000, 0x0000000612800000|  0%| F|  |TAMS 0x0000000612600000, 0x0000000612600000| Untracked 
| 142|0x0000000612800000, 0x0000000612800000, 0x0000000612a00000|  0%| F|  |TAMS 0x0000000612800000, 0x0000000612800000| Untracked 
| 143|0x0000000612a00000, 0x0000000612a00000, 0x0000000612c00000|  0%| F|  |TAMS 0x0000000612a00000, 0x0000000612a00000| Untracked 
| 144|0x0000000612c00000, 0x0000000612c00000, 0x0000000612e00000|  0%| F|  |TAMS 0x0000000612c00000, 0x0000000612c00000| Untracked 
| 145|0x0000000612e00000, 0x0000000612e00000, 0x0000000613000000|  0%| F|  |TAMS 0x0000000612e00000, 0x0000000612e00000| Untracked 
| 146|0x0000000613000000, 0x0000000613000000, 0x0000000613200000|  0%| F|  |TAMS 0x0000000613000000, 0x0000000613000000| Untracked 
| 147|0x0000000613200000, 0x0000000613200000, 0x0000000613400000|  0%| F|  |TAMS 0x0000000613200000, 0x0000000613200000| Untracked 
| 148|0x0000000613400000, 0x0000000613400000, 0x0000000613600000|  0%| F|  |TAMS 0x0000000613400000, 0x0000000613400000| Untracked 
| 149|0x0000000613600000, 0x0000000613600000, 0x0000000613800000|  0%| F|  |TAMS 0x0000000613600000, 0x0000000613600000| Untracked 
| 150|0x0000000613800000, 0x0000000613800000, 0x0000000613a00000|  0%| F|  |TAMS 0x0000000613800000, 0x0000000613800000| Untracked 
| 151|0x0000000613a00000, 0x0000000613a00000, 0x0000000613c00000|  0%| F|  |TAMS 0x0000000613a00000, 0x0000000613a00000| Untracked 
| 152|0x0000000613c00000, 0x0000000613c00000, 0x0000000613e00000|  0%| F|  |TAMS 0x0000000613c00000, 0x0000000613c00000| Untracked 
| 153|0x0000000613e00000, 0x0000000613e00000, 0x0000000614000000|  0%| F|  |TAMS 0x0000000613e00000, 0x0000000613e00000| Untracked 
| 154|0x0000000614000000, 0x0000000614000000, 0x0000000614200000|  0%| F|  |TAMS 0x0000000614000000, 0x0000000614000000| Untracked 
| 155|0x0000000614200000, 0x0000000614200000, 0x0000000614400000|  0%| F|  |TAMS 0x0000000614200000, 0x0000000614200000| Untracked 
| 156|0x0000000614400000, 0x0000000614400000, 0x0000000614600000|  0%| F|  |TAMS 0x0000000614400000, 0x0000000614400000| Untracked 
| 157|0x0000000614600000, 0x0000000614600000, 0x0000000614800000|  0%| F|  |TAMS 0x0000000614600000, 0x0000000614600000| Untracked 
| 158|0x0000000614800000, 0x0000000614800000, 0x0000000614a00000|  0%| F|  |TAMS 0x0000000614800000, 0x0000000614800000| Untracked 
| 159|0x0000000614a00000, 0x0000000614a00000, 0x0000000614c00000|  0%| F|  |TAMS 0x0000000614a00000, 0x0000000614a00000| Untracked 
| 160|0x0000000614c00000, 0x0000000614c00000, 0x0000000614e00000|  0%| F|  |TAMS 0x0000000614c00000, 0x0000000614c00000| Untracked 
| 161|0x0000000614e00000, 0x0000000614e00000, 0x0000000615000000|  0%| F|  |TAMS 0x0000000614e00000, 0x0000000614e00000| Untracked 
| 162|0x0000000615000000, 0x0000000615000000, 0x0000000615200000|  0%| F|  |TAMS 0x0000000615000000, 0x0000000615000000| Untracked 
| 163|0x0000000615200000, 0x0000000615200000, 0x0000000615400000|  0%| F|  |TAMS 0x0000000615200000, 0x0000000615200000| Untracked 
| 164|0x0000000615400000, 0x0000000615400000, 0x0000000615600000|  0%| F|  |TAMS 0x0000000615400000, 0x0000000615400000| Untracked 
| 165|0x0000000615600000, 0x0000000615600000, 0x0000000615800000|  0%| F|  |TAMS 0x0000000615600000, 0x0000000615600000| Untracked 
| 166|0x0000000615800000, 0x0000000615800000, 0x0000000615a00000|  0%| F|  |TAMS 0x0000000615800000, 0x0000000615800000| Untracked 
| 167|0x0000000615a00000, 0x0000000615a00000, 0x0000000615c00000|  0%| F|  |TAMS 0x0000000615a00000, 0x0000000615a00000| Untracked 
| 168|0x0000000615c00000, 0x0000000615c00000, 0x0000000615e00000|  0%| F|  |TAMS 0x0000000615c00000, 0x0000000615c00000| Untracked 
| 169|0x0000000615e00000, 0x0000000615e00000, 0x0000000616000000|  0%| F|  |TAMS 0x0000000615e00000, 0x0000000615e00000| Untracked 
| 170|0x0000000616000000, 0x0000000616000000, 0x0000000616200000|  0%| F|  |TAMS 0x0000000616000000, 0x0000000616000000| Untracked 
| 171|0x0000000616200000, 0x0000000616200000, 0x0000000616400000|  0%| F|  |TAMS 0x0000000616200000, 0x0000000616200000| Untracked 
| 172|0x0000000616400000, 0x0000000616400000, 0x0000000616600000|  0%| F|  |TAMS 0x0000000616400000, 0x0000000616400000| Untracked 
| 173|0x0000000616600000, 0x0000000616600000, 0x0000000616800000|  0%| F|  |TAMS 0x0000000616600000, 0x0000000616600000| Untracked 
| 174|0x0000000616800000, 0x0000000616800000, 0x0000000616a00000|  0%| F|  |TAMS 0x0000000616800000, 0x0000000616800000| Untracked 
| 175|0x0000000616a00000, 0x0000000616a00000, 0x0000000616c00000|  0%| F|  |TAMS 0x0000000616a00000, 0x0000000616a00000| Untracked 
| 176|0x0000000616c00000, 0x0000000616c00000, 0x0000000616e00000|  0%| F|  |TAMS 0x0000000616c00000, 0x0000000616c00000| Untracked 
| 177|0x0000000616e00000, 0x0000000616e00000, 0x0000000617000000|  0%| F|  |TAMS 0x0000000616e00000, 0x0000000616e00000| Untracked 
| 178|0x0000000617000000, 0x0000000617000000, 0x0000000617200000|  0%| F|  |TAMS 0x0000000617000000, 0x0000000617000000| Untracked 
| 179|0x0000000617200000, 0x0000000617200000, 0x0000000617400000|  0%| F|  |TAMS 0x0000000617200000, 0x0000000617200000| Untracked 
| 180|0x0000000617400000, 0x0000000617400000, 0x0000000617600000|  0%| F|  |TAMS 0x0000000617400000, 0x0000000617400000| Untracked 
| 181|0x0000000617600000, 0x0000000617600000, 0x0000000617800000|  0%| F|  |TAMS 0x0000000617600000, 0x0000000617600000| Untracked 
| 182|0x0000000617800000, 0x0000000617800000, 0x0000000617a00000|  0%| F|  |TAMS 0x0000000617800000, 0x0000000617800000| Untracked 
| 183|0x0000000617a00000, 0x0000000617a00000, 0x0000000617c00000|  0%| F|  |TAMS 0x0000000617a00000, 0x0000000617a00000| Untracked 
| 184|0x0000000617c00000, 0x0000000617c00000, 0x0000000617e00000|  0%| F|  |TAMS 0x0000000617c00000, 0x0000000617c00000| Untracked 
| 185|0x0000000617e00000, 0x0000000617e00000, 0x0000000618000000|  0%| F|  |TAMS 0x0000000617e00000, 0x0000000617e00000| Untracked 
| 186|0x0000000618000000, 0x0000000618000000, 0x0000000618200000|  0%| F|  |TAMS 0x0000000618000000, 0x0000000618000000| Untracked 
| 187|0x0000000618200000, 0x0000000618200000, 0x0000000618400000|  0%| F|  |TAMS 0x0000000618200000, 0x0000000618200000| Untracked 
| 188|0x0000000618400000, 0x0000000618400000, 0x0000000618600000|  0%| F|  |TAMS 0x0000000618400000, 0x0000000618400000| Untracked 
| 189|0x0000000618600000, 0x0000000618600000, 0x0000000618800000|  0%| F|  |TAMS 0x0000000618600000, 0x0000000618600000| Untracked 
| 190|0x0000000618800000, 0x0000000618800000, 0x0000000618a00000|  0%| F|  |TAMS 0x0000000618800000, 0x0000000618800000| Untracked 
| 191|0x0000000618a00000, 0x0000000618a00000, 0x0000000618c00000|  0%| F|  |TAMS 0x0000000618a00000, 0x0000000618a00000| Untracked 
| 192|0x0000000618c00000, 0x0000000618c00000, 0x0000000618e00000|  0%| F|  |TAMS 0x0000000618c00000, 0x0000000618c00000| Untracked 
| 193|0x0000000618e00000, 0x0000000618e00000, 0x0000000619000000|  0%| F|  |TAMS 0x0000000618e00000, 0x0000000618e00000| Untracked 
| 194|0x0000000619000000, 0x0000000619000000, 0x0000000619200000|  0%| F|  |TAMS 0x0000000619000000, 0x0000000619000000| Untracked 
| 195|0x0000000619200000, 0x0000000619200000, 0x0000000619400000|  0%| F|  |TAMS 0x0000000619200000, 0x0000000619200000| Untracked 
| 196|0x0000000619400000, 0x0000000619400000, 0x0000000619600000|  0%| F|  |TAMS 0x0000000619400000, 0x0000000619400000| Untracked 
| 197|0x0000000619600000, 0x0000000619600000, 0x0000000619800000|  0%| F|  |TAMS 0x0000000619600000, 0x0000000619600000| Untracked 
| 198|0x0000000619800000, 0x0000000619800000, 0x0000000619a00000|  0%| F|  |TAMS 0x0000000619800000, 0x0000000619800000| Untracked 
| 199|0x0000000619a00000, 0x0000000619a00000, 0x0000000619c00000|  0%| F|  |TAMS 0x0000000619a00000, 0x0000000619a00000| Untracked 
| 200|0x0000000619c00000, 0x0000000619c00000, 0x0000000619e00000|  0%| F|  |TAMS 0x0000000619c00000, 0x0000000619c00000| Untracked 
| 201|0x0000000619e00000, 0x0000000619e00000, 0x000000061a000000|  0%| F|  |TAMS 0x0000000619e00000, 0x0000000619e00000| Untracked 
| 202|0x000000061a000000, 0x000000061a000000, 0x000000061a200000|  0%| F|  |TAMS 0x000000061a000000, 0x000000061a000000| Untracked 
| 203|0x000000061a200000, 0x000000061a200000, 0x000000061a400000|  0%| F|  |TAMS 0x000000061a200000, 0x000000061a200000| Untracked 
| 204|0x000000061a400000, 0x000000061a400000, 0x000000061a600000|  0%| F|  |TAMS 0x000000061a400000, 0x000000061a400000| Untracked 
| 205|0x000000061a600000, 0x000000061a600000, 0x000000061a800000|  0%| F|  |TAMS 0x000000061a600000, 0x000000061a600000| Untracked 
| 206|0x000000061a800000, 0x000000061a800000, 0x000000061aa00000|  0%| F|  |TAMS 0x000000061a800000, 0x000000061a800000| Untracked 
| 207|0x000000061aa00000, 0x000000061aa00000, 0x000000061ac00000|  0%| F|  |TAMS 0x000000061aa00000, 0x000000061aa00000| Untracked 
| 208|0x000000061ac00000, 0x000000061ac00000, 0x000000061ae00000|  0%| F|  |TAMS 0x000000061ac00000, 0x000000061ac00000| Untracked 
| 209|0x000000061ae00000, 0x000000061ae00000, 0x000000061b000000|  0%| F|  |TAMS 0x000000061ae00000, 0x000000061ae00000| Untracked 
| 210|0x000000061b000000, 0x000000061b000000, 0x000000061b200000|  0%| F|  |TAMS 0x000000061b000000, 0x000000061b000000| Untracked 
| 211|0x000000061b200000, 0x000000061b200000, 0x000000061b400000|  0%| F|  |TAMS 0x000000061b200000, 0x000000061b200000| Untracked 
| 212|0x000000061b400000, 0x000000061b400000, 0x000000061b600000|  0%| F|  |TAMS 0x000000061b400000, 0x000000061b400000| Untracked 
| 213|0x000000061b600000, 0x000000061b600000, 0x000000061b800000|  0%| F|  |TAMS 0x000000061b600000, 0x000000061b600000| Untracked 
| 214|0x000000061b800000, 0x000000061b800000, 0x000000061ba00000|  0%| F|  |TAMS 0x000000061b800000, 0x000000061b800000| Untracked 
| 215|0x000000061ba00000, 0x000000061ba00000, 0x000000061bc00000|  0%| F|  |TAMS 0x000000061ba00000, 0x000000061ba00000| Untracked 
| 216|0x000000061bc00000, 0x000000061bc00000, 0x000000061be00000|  0%| F|  |TAMS 0x000000061bc00000, 0x000000061bc00000| Untracked 
| 217|0x000000061be00000, 0x000000061be00000, 0x000000061c000000|  0%| F|  |TAMS 0x000000061be00000, 0x000000061be00000| Untracked 
| 218|0x000000061c000000, 0x000000061c000000, 0x000000061c200000|  0%| F|  |TAMS 0x000000061c000000, 0x000000061c000000| Untracked 
| 219|0x000000061c200000, 0x000000061c200000, 0x000000061c400000|  0%| F|  |TAMS 0x000000061c200000, 0x000000061c200000| Untracked 
| 220|0x000000061c400000, 0x000000061c400000, 0x000000061c600000|  0%| F|  |TAMS 0x000000061c400000, 0x000000061c400000| Untracked 
| 221|0x000000061c600000, 0x000000061c600000, 0x000000061c800000|  0%| F|  |TAMS 0x000000061c600000, 0x000000061c600000| Untracked 
| 222|0x000000061c800000, 0x000000061c800000, 0x000000061ca00000|  0%| F|  |TAMS 0x000000061c800000, 0x000000061c800000| Untracked 
| 223|0x000000061ca00000, 0x000000061ca00000, 0x000000061cc00000|  0%| F|  |TAMS 0x000000061ca00000, 0x000000061ca00000| Untracked 
| 224|0x000000061cc00000, 0x000000061cc00000, 0x000000061ce00000|  0%| F|  |TAMS 0x000000061cc00000, 0x000000061cc00000| Untracked 
| 225|0x000000061ce00000, 0x000000061ce00000, 0x000000061d000000|  0%| F|  |TAMS 0x000000061ce00000, 0x000000061ce00000| Untracked 
| 226|0x000000061d000000, 0x000000061d000000, 0x000000061d200000|  0%| F|  |TAMS 0x000000061d000000, 0x000000061d000000| Untracked 
| 227|0x000000061d200000, 0x000000061d200000, 0x000000061d400000|  0%| F|  |TAMS 0x000000061d200000, 0x000000061d200000| Untracked 
| 228|0x000000061d400000, 0x000000061d400000, 0x000000061d600000|  0%| F|  |TAMS 0x000000061d400000, 0x000000061d400000| Untracked 
| 229|0x000000061d600000, 0x000000061d600000, 0x000000061d800000|  0%| F|  |TAMS 0x000000061d600000, 0x000000061d600000| Untracked 
| 230|0x000000061d800000, 0x000000061d800000, 0x000000061da00000|  0%| F|  |TAMS 0x000000061d800000, 0x000000061d800000| Untracked 
| 231|0x000000061da00000, 0x000000061da00000, 0x000000061dc00000|  0%| F|  |TAMS 0x000000061da00000, 0x000000061da00000| Untracked 
| 232|0x000000061dc00000, 0x000000061dc00000, 0x000000061de00000|  0%| F|  |TAMS 0x000000061dc00000, 0x000000061dc00000| Untracked 
| 233|0x000000061de00000, 0x000000061de00000, 0x000000061e000000|  0%| F|  |TAMS 0x000000061de00000, 0x000000061de00000| Untracked 
| 234|0x000000061e000000, 0x000000061e000000, 0x000000061e200000|  0%| F|  |TAMS 0x000000061e000000, 0x000000061e000000| Untracked 
| 235|0x000000061e200000, 0x000000061e200000, 0x000000061e400000|  0%| F|  |TAMS 0x000000061e200000, 0x000000061e200000| Untracked 
| 236|0x000000061e400000, 0x000000061e400000, 0x000000061e600000|  0%| F|  |TAMS 0x000000061e400000, 0x000000061e400000| Untracked 
| 237|0x000000061e600000, 0x000000061e600000, 0x000000061e800000|  0%| F|  |TAMS 0x000000061e600000, 0x000000061e600000| Untracked 
| 238|0x000000061e800000, 0x000000061e800000, 0x000000061ea00000|  0%| F|  |TAMS 0x000000061e800000, 0x000000061e800000| Untracked 
| 239|0x000000061ea00000, 0x000000061ea00000, 0x000000061ec00000|  0%| F|  |TAMS 0x000000061ea00000, 0x000000061ea00000| Untracked 
| 240|0x000000061ec00000, 0x000000061ec00000, 0x000000061ee00000|  0%| F|  |TAMS 0x000000061ec00000, 0x000000061ec00000| Untracked 
| 241|0x000000061ee00000, 0x000000061ee00000, 0x000000061f000000|  0%| F|  |TAMS 0x000000061ee00000, 0x000000061ee00000| Untracked 
| 242|0x000000061f000000, 0x000000061f077320, 0x000000061f200000| 23%| S|CS|TAMS 0x000000061f000000, 0x000000061f000000| Complete 
| 243|0x000000061f200000, 0x000000061f400000, 0x000000061f400000|100%| S|CS|TAMS 0x000000061f200000, 0x000000061f200000| Complete 
| 244|0x000000061f400000, 0x000000061f400000, 0x000000061f600000|  0%| F|  |TAMS 0x000000061f400000, 0x000000061f400000| Untracked 
| 245|0x000000061f600000, 0x000000061f600000, 0x000000061f800000|  0%| F|  |TAMS 0x000000061f600000, 0x000000061f600000| Untracked 
| 246|0x000000061f800000, 0x000000061f800000, 0x000000061fa00000|  0%| F|  |TAMS 0x000000061f800000, 0x000000061f800000| Untracked 
| 247|0x000000061fa00000, 0x000000061fb76100, 0x000000061fc00000| 73%| E|  |TAMS 0x000000061fa00000, 0x000000061fa00000| Complete 
| 248|0x000000061fc00000, 0x000000061fd76100, 0x000000061fe00000| 73%| E|  |TAMS 0x000000061fc00000, 0x000000061fc00000| Complete 
| 249|0x000000061fe00000, 0x0000000620000000, 0x0000000620000000|100%| E|CS|TAMS 0x000000061fe00000, 0x000000061fe00000| Complete 
| 250|0x0000000620000000, 0x0000000620200000, 0x0000000620200000|100%| E|CS|TAMS 0x0000000620000000, 0x0000000620000000| Complete 
| 251|0x0000000620200000, 0x0000000620400000, 0x0000000620400000|100%| E|CS|TAMS 0x0000000620200000, 0x0000000620200000| Complete 
| 252|0x0000000620400000, 0x0000000620600000, 0x0000000620600000|100%| E|CS|TAMS 0x0000000620400000, 0x0000000620400000| Complete 
| 253|0x0000000620600000, 0x0000000620800000, 0x0000000620800000|100%| E|CS|TAMS 0x0000000620600000, 0x0000000620600000| Complete 
| 254|0x0000000620800000, 0x0000000620a00000, 0x0000000620a00000|100%| E|CS|TAMS 0x0000000620800000, 0x0000000620800000| Complete 
| 255|0x0000000620a00000, 0x0000000620c00000, 0x0000000620c00000|100%| E|CS|TAMS 0x0000000620a00000, 0x0000000620a00000| Complete 

Card table byte_map: [0x000001bec45a0000,0x000001bec55a0000] _byte_map_base: 0x000001bec159a000

Marking Bits (Prev, Next): (CMBitMap*) 0x000001beab7369c8, (CMBitMap*) 0x000001beab736a00
 Prev Bits: [0x000001bec65a0000, 0x000001bece570000)
 Next Bits: [0x000001bece570000, 0x000001bed6540000)

Polling page: 0x000001bea9510000

Metaspace:

Usage:
  Non-class:     11.70 MB capacity,    11.57 MB ( 99%) used,   112.20 KB ( <1%) free+waste,    20.38 KB ( <1%) overhead. 
      Class:      1.19 MB capacity,     1.10 MB ( 92%) used,    82.88 KB (  7%) free+waste,     9.13 KB ( <1%) overhead. 
       Both:     12.89 MB capacity,    12.67 MB ( 98%) used,   195.08 KB (  1%) free+waste,    29.50 KB ( <1%) overhead. 

Virtual space:
  Non-class space:       12.00 MB reserved,      12.00 MB (100%) committed 
      Class space:        1.00 GB reserved,       1.25 MB ( <1%) committed 
             Both:        1.01 GB reserved,      13.25 MB (  1%) committed 

Chunk freelists:
   Non-Class:  119.00 KB
       Class:  29.00 KB
        Both:  148.00 KB

MaxMetaspaceSize: 17179869184.00 GB
CompressedClassSpaceSize: 1.00 GB

CodeHeap 'non-profiled nmethods': size=119168Kb used=290Kb max_used=290Kb free=118877Kb
 bounds [0x000001bebb8b0000, 0x000001bebbb20000, 0x000001bec2d10000]
CodeHeap 'profiled nmethods': size=119168Kb used=1845Kb max_used=1845Kb free=117322Kb
 bounds [0x000001beb4450000, 0x000001beb46c0000, 0x000001bebb8b0000]
CodeHeap 'non-nmethods': size=7424Kb used=2913Kb max_used=2931Kb free=4511Kb
 bounds [0x000001beb3d10000, 0x000001beb3ff0000, 0x000001beb4450000]
 total_blobs=1698 nmethods=1095 adapters=512
 compilation: enabled
              stopped_count=0, restarted_count=0
 full_count=0

Compilation events (20 events):
Event: 1.744 Thread 0x000001beda298000 1086       1       com.badlogic.gdx.graphics.glutils.IndexArray::getBuffer (5 bytes)
Event: 1.744 Thread 0x000001beda289800 1087       3       com.badlogic.gdx.utils.Pools::get (7 bytes)
Event: 1.744 Thread 0x000001beda06a800 1088       3       com.badlogic.gdx.utils.Pools::get (37 bytes)
Event: 1.744 Thread 0x000001beda298000 nmethod 1086 0x000001bebb8f4e90 code [0x000001bebb8f5040, 0x000001bebb8f50f8]
Event: 1.744 Thread 0x000001beda289800 nmethod 1087 0x000001beb4616790 code [0x000001beb4616940, 0x000001beb4616a48]
Event: 1.744 Thread 0x000001beda06a800 nmethod 1088 0x000001beb4616b10 code [0x000001beb4616d20, 0x000001beb4617208]
Event: 1.744 Thread 0x000001bedfd5d000 1089   !   3       sun.net.www.ParseUtil::decode (316 bytes)
Event: 1.746 Thread 0x000001bedfd5d000 nmethod 1089 0x000001beb4617410 code [0x000001beb4617a80, 0x000001beb461b3a8]
Event: 1.779 Thread 0x000001beda067800 1090       4       java.lang.Math::round (56 bytes)
Event: 1.780 Thread 0x000001beda067800 nmethod 1090 0x000001bebb8f5190 code [0x000001bebb8f5320, 0x000001bebb8f53d8]
Event: 1.780 Thread 0x000001beda298000 1091       3       java.io.File::<init> (47 bytes)
Event: 1.780 Thread 0x000001beda298000 nmethod 1091 0x000001beb461cd10 code [0x000001beb461cf00, 0x000001beb461d2a8]
Event: 1.781 Thread 0x000001beda067800 1092   !   4       java.util.zip.InflaterInputStream::read (138 bytes)
Event: 1.798 Thread 0x000001beda067800 nmethod 1092 0x000001bebb8f5490 code [0x000001bebb8f56e0, 0x000001bebb8f71c0]
Event: 1.814 Thread 0x000001beda289800 1093       3       org.lwjgl.opengl.Display::getDisplayMode (4 bytes)
Event: 1.814 Thread 0x000001beda289800 nmethod 1093 0x000001beb461d410 code [0x000001beb461d5c0, 0x000001beb461d6b8]
Event: 1.848 Thread 0x000001beda06a800 1094       1       java.nio.DirectFloatBufferU::isDirect (2 bytes)
Event: 1.848 Thread 0x000001beda06a800 nmethod 1094 0x000001bebb8f7f10 code [0x000001bebb8f80c0, 0x000001bebb8f8178]
Event: 1.883 Thread 0x000001beda067800 1095       4       java.util.concurrent.ConcurrentHashMap::get (162 bytes)
Event: 1.886 Thread 0x000001beda067800 nmethod 1095 0x000001bebb8f8210 code [0x000001bebb8f83c0, 0x000001bebb8f86b8]

GC Heap History (2 events):
Event: 1.292 GC heap before
{Heap before GC invocations=0 (full 0):
 garbage-first heap   total 524288K, used 22528K [0x0000000600c00000, 0x0000000800000000)
  region size 2048K, 12 young (24576K), 0 survivors (0K)
 Metaspace       used 12891K, capacity 13100K, committed 13312K, reserved 1060864K
  class space    used 1121K, capacity 1187K, committed 1280K, reserved 1048576K
}
Event: 1.295 GC heap after
{Heap after GC invocations=1 (full 0):
 garbage-first heap   total 524288K, used 2524K [0x0000000600c00000, 0x0000000800000000)
  region size 2048K, 2 young (4096K), 2 survivors (4096K)
 Metaspace       used 12891K, capacity 13100K, committed 13312K, reserved 1060864K
  class space    used 1121K, capacity 1187K, committed 1280K, reserved 1048576K
}

Deoptimization events (4 events):
Event: 0.076 Thread 0x000001beab6ad800 Uncommon trap: trap_request=0xffffff4d fr.pc=0x000001bebb8b4a20 relative=0x0000000000000200
Event: 0.076 Thread 0x000001beab6ad800 Uncommon trap: reason=unstable_if action=reinterpret pc=0x000001bebb8b4a20 method=java.lang.String.hashCode()I @ 14 c2
Event: 0.076 Thread 0x000001beab6ad800 DEOPT PACKING pc=0x000001bebb8b4a20 sp=0x0000002e101fe010
Event: 0.076 Thread 0x000001beab6ad800 DEOPT UNPACKING pc=0x000001beb3d3772f sp=0x0000002e101fdfa8 mode 2

Classes redefined (0 events):
No events

Internal exceptions (20 events):
Event: 0.140 Thread 0x000001beab6ad800 Exception <a 'java/lang/NoSuchMethodError'{0x0000000620657710}: 'java.lang.Object java.lang.invoke.DirectMethodHandle$Holder.invokeStatic(java.lang.Object, java.lang.Object, java.lang.Object, java.lang.Object, int)'> (0x0000000620657710) thrown at [./src/hotspot/share/interpreter/linkResolver.cpp, line 773]
Event: 0.146 Thread 0x000001beab6ad800 Exception <a 'java/io/FileNotFoundException'{0x00000006206ba278}> (0x00000006206ba278) thrown at [./src/hotspot/share/prims/jni.cpp, line 615]
Event: 0.183 Thread 0x000001beda75d000 Exception <a 'java/lang/NoSuchMethodError'{0x0000000620776410}: 'void java.lang.invoke.DirectMethodHandle$Holder.invokeSpecial(java.lang.Object, java.lang.Object)'> (0x0000000620776410) thrown at [./src/hotspot/share/interpreter/linkResolver.cpp, line 773]
Event: 0.186 Thread 0x000001beab6ad800 Exception <a 'java/lang/NoSuchMethodError'{0x000000062074d958}: 'java.lang.Object java.lang.invoke.DirectMethodHandle$Holder.invokeStatic(java.lang.Object, java.lang.Object, java.lang.Object, java.lang.Object, java.lang.Object, java.lang.Object, java.lang.Object, java.lang.Object, int)'> (0x000000062074d958) thrown at [./src/hotspot/share/interpreter/linkResolver.cpp, line 773]
Event: 0.187 Thread 0x000001beab6ad800 Exception <a 'java/lang/NoSuchMethodError'{0x0000000620767a38}: 'java.lang.Object java.lang.invoke.DirectMethodHandle$Holder.invokeStatic(java.lang.Object, java.lang.Object, java.lang.Object, java.lang.Object, java.lang.Object, java.lang.Object, java.lang.Object, java.lang.Object, int, int)'> (0x0000000620767a38) thrown at [./src/hotspot/share/interpreter/linkResolver.cpp, line 773]
Event: 0.332 Thread 0x000001beab6ad800 Exception <a 'java/lang/NoSuchMethodError'{0x00000006204f6b10}: 'java.lang.Object java.lang.invoke.DirectMethodHandle$Holder.invokeStatic(java.lang.Object, int, int, int, int)'> (0x00000006204f6b10) thrown at [./src/hotspot/share/interpreter/linkResolver.cpp, line 773]
Event: 0.332 Thread 0x000001beab6ad800 Exception <a 'java/lang/NoSuchMethodError'{0x00000006204f9c38}: 'java.lang.Object java.lang.invoke.DirectMethodHandle$Holder.invokeStaticInit(java.lang.Object, int, int, int, int)'> (0x00000006204f9c38) thrown at [./src/hotspot/share/interpreter/linkResolver.cpp, line 773]
Event: 0.549 Thread 0x000001beab6ad800 Exception <a 'java/lang/NoSuchMethodError'{0x00000006205bd620}: 'java.lang.Object java.lang.invoke.DirectMethodHandle$Holder.invokeStatic(java.lang.Object, java.lang.Object, int, int, int, int)'> (0x00000006205bd620) thrown at [./src/hotspot/share/interpreter/linkResolver.cpp, line 773]
Event: 0.550 Thread 0x000001beab6ad800 Exception <a 'java/lang/NoSuchMethodError'{0x00000006205c0978}: 'java.lang.Object java.lang.invoke.DirectMethodHandle$Holder.invokeStaticInit(java.lang.Object, java.lang.Object, int, int, int, int)'> (0x00000006205c0978) thrown at [./src/hotspot/share/interpreter/linkResolver.cpp, line 773]
Event: 0.563 Thread 0x000001beab6ad800 Exception <a 'java/security/PrivilegedActionException'{0x0000000620230da8}> (0x0000000620230da8) thrown at [./src/hotspot/share/prims/jvm.cpp, line 1297]
Event: 0.563 Thread 0x000001beab6ad800 Exception <a 'java/security/PrivilegedActionException'{0x0000000620233558}> (0x0000000620233558) thrown at [./src/hotspot/share/prims/jvm.cpp, line 1297]
Event: 0.563 Thread 0x000001beab6ad800 Exception <a 'java/security/PrivilegedActionException'{0x0000000620234510}> (0x0000000620234510) thrown at [./src/hotspot/share/prims/jvm.cpp, line 1297]
Event: 0.564 Thread 0x000001beab6ad800 Exception <a 'java/io/IOException'{0x0000000620243cd0}> (0x0000000620243cd0) thrown at [./src/hotspot/share/prims/jni.cpp, line 615]
Event: 0.564 Thread 0x000001beab6ad800 Exception <a 'java/io/IOException'{0x0000000620244098}> (0x0000000620244098) thrown at [./src/hotspot/share/prims/jni.cpp, line 615]
Event: 0.564 Thread 0x000001beab6ad800 Exception <a 'java/io/IOException'{0x00000006202443a8}> (0x00000006202443a8) thrown at [./src/hotspot/share/prims/jni.cpp, line 615]
Event: 0.565 Thread 0x000001beab6ad800 Exception <a 'java/security/PrivilegedActionException'{0x0000000620244dc0}> (0x0000000620244dc0) thrown at [./src/hotspot/share/prims/jvm.cpp, line 1297]
Event: 0.565 Thread 0x000001beab6ad800 Exception <a 'java/security/PrivilegedActionException'{0x0000000620245980}> (0x0000000620245980) thrown at [./src/hotspot/share/prims/jvm.cpp, line 1297]
Event: 0.565 Thread 0x000001beab6ad800 Exception <a 'java/security/PrivilegedActionException'{0x0000000620246500}> (0x0000000620246500) thrown at [./src/hotspot/share/prims/jvm.cpp, line 1297]
Event: 0.728 Thread 0x000001bedf712000 Exception <a 'org/lwjgl/LWJGLException'{0x00000006203eee80}: Failed to set device gamma.> (0x00000006203eee80) thrown at [./src/hotspot/share/prims/jni.cpp, line 636]
Event: 0.935 Thread 0x000001bedf712000 Exception <a 'java/lang/NoSuchMethodError'{0x000000061ff81e10}: 'int java.lang.invoke.DirectMethodHandle$Holder.invokeSpecialIFC(java.lang.Object, java.lang.Object, int)'> (0x000000061ff81e10) thrown at [./src/hotspot/share/interpreter/linkResolver.cpp, line 773]

Events (20 events):
Event: 1.305 loading class sun/awt/AppContext done
Event: 1.305 loading class sun/awt/AppContext$GetAppContextLock
Event: 1.305 loading class sun/awt/AppContext$GetAppContextLock done
Event: 1.305 loading class sun/awt/AppContext$6
Event: 1.305 loading class jdk/internal/misc/JavaAWTAccess
Event: 1.305 loading class jdk/internal/misc/JavaAWTAccess done
Event: 1.305 loading class sun/awt/AppContext$6 done
Event: 1.306 loading class java/util/IdentityHashMap$Values
Event: 1.306 loading class java/util/IdentityHashMap$Values done
Event: 1.306 loading class java/util/IdentityHashMap$ValueIterator
Event: 1.306 loading class java/util/IdentityHashMap$ValueIterator done
Event: 1.306 Executing VM operation: RevokeBias
Event: 1.306 Executing VM operation: RevokeBias done
Event: 1.306 Thread 0x000001beda77e000 Thread exited: 0x000001beda77e000
Event: 1.882 loading class org/lwjgl/opengl/WindowsKeycodes
Event: 1.882 loading class org/lwjgl/opengl/WindowsKeycodes done
Event: 1.883 loading class com/badlogic/gdx/backends/lwjgl/DefaultLwjglInput$KeyEvent
Event: 1.883 loading class com/badlogic/gdx/backends/lwjgl/DefaultLwjglInput$KeyEvent done
Event: 1.883 loading class com/badlogic/gdx/backends/lwjgl/LwjglApplication$2
Event: 1.883 loading class com/badlogic/gdx/backends/lwjgl/LwjglApplication$2 done


Dynamic libraries:
0x00007ff72f660000 - 0x00007ff72f66d000 	C:\Program Files\AdoptOpenJDK\jdk-11.0.8.10-hotspot\bin\javaw.exe
0x00007ff93ada0000 - 0x00007ff93af90000 	C:\Windows\SYSTEM32\ntdll.dll
0x00007ff939bb0000 - 0x00007ff939c62000 	C:\Windows\System32\KERNEL32.DLL
0x00007ff938ac0000 - 0x00007ff938d64000 	C:\Windows\System32\KERNELBASE.dll
0x00007ff937f10000 - 0x00007ff93800a000 	C:\Windows\System32\ucrtbase.dll
0x00007ff8ec110000 - 0x00007ff8ec127000 	C:\Program Files\AdoptOpenJDK\jdk-11.0.8.10-hotspot\bin\jli.dll
0x00007ff8ec130000 - 0x00007ff8ec145000 	C:\Program Files\AdoptOpenJDK\jdk-11.0.8.10-hotspot\bin\VCRUNTIME140.dll
0x00007ff93a920000 - 0x00007ff93aab5000 	C:\Windows\System32\USER32.dll
0x00007ff938040000 - 0x00007ff938061000 	C:\Windows\System32\win32u.dll
0x00007ff9241d0000 - 0x00007ff924454000 	C:\Windows\WinSxS\amd64_microsoft.windows.common-controls_6595b64144ccf1df_6.0.18362.1016_none_9e7a36bbe461dae4\COMCTL32.dll
0x00007ff93a550000 - 0x00007ff93a576000 	C:\Windows\System32\GDI32.dll
0x00007ff939990000 - 0x00007ff939a2e000 	C:\Windows\System32\msvcrt.dll
0x00007ff937d20000 - 0x00007ff937eb6000 	C:\Windows\System32\gdi32full.dll
0x00007ff938a00000 - 0x00007ff938a9e000 	C:\Windows\System32\msvcp_win.dll
0x00007ff939d10000 - 0x00007ff93a045000 	C:\Windows\System32\combase.dll
0x00007ff93a6c0000 - 0x00007ff93a7e0000 	C:\Windows\System32\RPCRT4.dll
0x00007ff938d70000 - 0x00007ff938df0000 	C:\Windows\System32\bcryptPrimitives.dll
0x00007ff939030000 - 0x00007ff93905e000 	C:\Windows\System32\IMM32.DLL
0x00007ff8ec070000 - 0x00007ff8ec10b000 	C:\Program Files\AdoptOpenJDK\jdk-11.0.8.10-hotspot\bin\msvcp140.dll
0x00007ff8e8710000 - 0x00007ff8e91cd000 	C:\Program Files\AdoptOpenJDK\jdk-11.0.8.10-hotspot\bin\server\jvm.dll
0x00007ff939a30000 - 0x00007ff939ad3000 	C:\Windows\System32\ADVAPI32.dll
0x00007ff939c70000 - 0x00007ff939d07000 	C:\Windows\System32\sechost.dll
0x00007ff939ba0000 - 0x00007ff939ba8000 	C:\Windows\System32\PSAPI.DLL
0x00007ff9206b0000 - 0x00007ff9206b9000 	C:\Windows\SYSTEM32\WSOCK32.dll
0x00007ff92f9e0000 - 0x00007ff92f9ea000 	C:\Windows\SYSTEM32\VERSION.dll
0x00007ff93a4e0000 - 0x00007ff93a54f000 	C:\Windows\System32\WS2_32.dll
0x00007ff935480000 - 0x00007ff9354a4000 	C:\Windows\SYSTEM32\WINMM.dll
0x00007ff935450000 - 0x00007ff93547d000 	C:\Windows\SYSTEM32\winmmbase.dll
0x00007ff937ec0000 - 0x00007ff937f0a000 	C:\Windows\System32\cfgmgr32.dll
0x00007ff937c60000 - 0x00007ff937c71000 	C:\Windows\System32\kernel.appcore.dll
0x00007ff926550000 - 0x00007ff926560000 	C:\Program Files\AdoptOpenJDK\jdk-11.0.8.10-hotspot\bin\verify.dll
0x00007ff936630000 - 0x00007ff936824000 	C:\Windows\SYSTEM32\DBGHELP.DLL
0x00007ff9203e0000 - 0x00007ff92040a000 	C:\Windows\SYSTEM32\dbgcore.DLL
0x00007ff8ec040000 - 0x00007ff8ec068000 	C:\Program Files\AdoptOpenJDK\jdk-11.0.8.10-hotspot\bin\java.dll
0x00007ff926520000 - 0x00007ff92652a000 	C:\Program Files\AdoptOpenJDK\jdk-11.0.8.10-hotspot\bin\jimage.dll
0x00007ff8ec020000 - 0x00007ff8ec037000 	C:\Program Files\AdoptOpenJDK\jdk-11.0.8.10-hotspot\bin\zip.dll
0x00007ff939240000 - 0x00007ff939927000 	C:\Windows\System32\SHELL32.dll
0x00007ff939ae0000 - 0x00007ff939b89000 	C:\Windows\System32\shcore.dll
0x00007ff9381c0000 - 0x00007ff938942000 	C:\Windows\System32\windows.storage.dll
0x00007ff937c80000 - 0x00007ff937ca3000 	C:\Windows\System32\profapi.dll
0x00007ff937cb0000 - 0x00007ff937cfa000 	C:\Windows\System32\powrprof.dll
0x00007ff937c50000 - 0x00007ff937c60000 	C:\Windows\System32\UMPDC.dll
0x00007ff939110000 - 0x00007ff939162000 	C:\Windows\System32\shlwapi.dll
0x00007ff938aa0000 - 0x00007ff938ab7000 	C:\Windows\System32\cryptsp.dll
0x00007ff8ec000000 - 0x00007ff8ec019000 	C:\Program Files\AdoptOpenJDK\jdk-11.0.8.10-hotspot\bin\net.dll
0x00007ff92a6e0000 - 0x00007ff92a7d0000 	C:\Windows\SYSTEM32\WINHTTP.dll
0x00007ff937450000 - 0x00007ff9374b7000 	C:\Windows\system32\mswsock.dll
0x00007ff8ebfe0000 - 0x00007ff8ebff2000 	C:\Program Files\AdoptOpenJDK\jdk-11.0.8.10-hotspot\bin\nio.dll
0x00007ff8cd8f0000 - 0x00007ff8cda89000 	C:\Program Files\AdoptOpenJDK\jdk-11.0.8.10-hotspot\bin\awt.dll
0x00007ff93a850000 - 0x00007ff93a915000 	C:\Windows\System32\OLEAUT32.dll
0x00007ff935b30000 - 0x00007ff935bbf000 	C:\Windows\SYSTEM32\apphelp.dll
0x00007ff935cd0000 - 0x00007ff935d69000 	C:\Windows\system32\uxtheme.dll
0x00007ff93a580000 - 0x00007ff93a6b5000 	C:\Windows\System32\MSCTF.dll
0x00007ff938ed0000 - 0x00007ff939027000 	C:\Windows\System32\ole32.dll
0x00007ff936100000 - 0x00007ff93612d000 	C:\Windows\system32\DWMAPI.DLL
0x00007ff8cd790000 - 0x00007ff8cd8e6000 	C:\Windows\system32\opengl32.dll
0x00007ff90ac60000 - 0x00007ff90ac8c000 	C:\Windows\SYSTEM32\GLU32.dll
0x00007ff9368b0000 - 0x00007ff9368d0000 	C:\Windows\SYSTEM32\dxcore.dll
0x00007ff9304a0000 - 0x00007ff930667000 	C:\Windows\system32\d3d9.dll
0x00007ff930da0000 - 0x00007ff930ea2000 	C:\Windows\System32\DriverStore\FileRepository\nv_dispui.inf_amd64_bf0f2e72ecc4a6c6\nvldumdx.dll
0x00007ff938070000 - 0x00007ff9381b9000 	C:\Windows\System32\crypt32.dll
0x00007ff937d00000 - 0x00007ff937d12000 	C:\Windows\System32\MSASN1.dll
0x00007ff92f730000 - 0x00007ff92f75f000 	C:\Windows\SYSTEM32\cryptnet.dll
0x00007ff937620000 - 0x00007ff93762c000 	C:\Windows\SYSTEM32\cryptbase.dll
0x00007ff938df0000 - 0x00007ff938e4c000 	C:\Windows\System32\WINTRUST.DLL
0x00007ff93a050000 - 0x00007ff93a06d000 	C:\Windows\System32\imagehlp.dll
0x00007ff936fc0000 - 0x00007ff936ff3000 	C:\Windows\system32\rsaenh.dll
0x00007ff938010000 - 0x00007ff938036000 	C:\Windows\System32\bcrypt.dll
0x00007ff8cbd70000 - 0x00007ff8cd78a000 	C:\Windows\System32\DriverStore\FileRepository\nv_dispui.inf_amd64_bf0f2e72ecc4a6c6\nvd3dumx.dll
0x00007ff90e1a0000 - 0x00007ff90e44e000 	C:\Windows\system32\nvspcap64.dll
0x00007ff936ca0000 - 0x00007ff936cd1000 	C:\Windows\SYSTEM32\ntmarta.dll
0x00007ff936860000 - 0x00007ff936882000 	C:\Windows\SYSTEM32\gpapi.dll
0x0000000065ac0000 - 0x0000000065aec000 	C:\Users\Jacob\AppData\Local\Temp\libgdxJacob\515ef75a\gdx64.dll
0x00007ff937b70000 - 0x00007ff937b95000 	C:\Windows\SYSTEM32\USERENV.dll
0x00007ff937160000 - 0x00007ff93719a000 	C:\Windows\SYSTEM32\IPHLPAPI.DLL
0x00007ff93a840000 - 0x00007ff93a848000 	C:\Windows\System32\NSI.dll
0x00007ff92f760000 - 0x00007ff92f776000 	C:\Windows\SYSTEM32\dhcpcsvc6.DLL
0x00007ff92f710000 - 0x00007ff92f72c000 	C:\Windows\SYSTEM32\dhcpcsvc.DLL
0x00007ff9371a0000 - 0x00007ff93726b000 	C:\Windows\SYSTEM32\DNSAPI.dll
0x0000000180000000 - 0x0000000180053000 	C:\Users\Jacob\AppData\Local\Temp\libgdxJacob\1cecf4f6\lwjgl64.dll
0x000001bee2450000 - 0x000001bee24b4000 	C:\Users\Jacob\AppData\Local\Temp\libgdxJacob\1cecf4f6\OpenAL64.dll
0x00007ff939060000 - 0x00007ff939102000 	C:\Windows\System32\clbcatq.dll
0x00007ff92e610000 - 0x00007ff92e682000 	C:\Windows\System32\MMDevApi.dll
0x00007ff9379f0000 - 0x00007ff937a1a000 	C:\Windows\System32\DEVOBJ.dll
0x00007ff8e3600000 - 0x00007ff8e3699000 	C:\Windows\SYSTEM32\dsound.dll
0x00007ff91b040000 - 0x00007ff91b19d000 	C:\Windows\SYSTEM32\AUDIOSES.DLL
0x00007ff9333f0000 - 0x00007ff933543000 	C:\Windows\SYSTEM32\wintypes.dll
0x00007ff936010000 - 0x00007ff936024000 	C:\Windows\SYSTEM32\resourcepolicyclient.dll
0x00007ff932680000 - 0x00007ff93272e000 	C:\Windows\SYSTEM32\mscms.dll
0x00007ff932510000 - 0x00007ff932527000 	C:\Windows\SYSTEM32\ColorAdapterClient.dll
0x00007ff930b00000 - 0x00007ff930b9e000 	C:\Windows\System32\TextInputFramework.dll
0x00007ff9354b0000 - 0x00007ff935584000 	C:\Windows\System32\CoreMessaging.dll
0x00007ff9330c0000 - 0x00007ff9333ea000 	C:\Windows\System32\CoreUIComponents.dll
0x00007ff926180000 - 0x00007ff926426000 	C:\Windows\System32\iertutil.dll
0x00007ff9323f0000 - 0x00007ff932455000 	C:\Windows\system32\Oleacc.dll
0x00007ff8c93d0000 - 0x00007ff8cbd68000 	C:\Windows\System32\DriverStore\FileRepository\nv_dispui.inf_amd64_bf0f2e72ecc4a6c6\nvoglv64.dll
0x00007ff93a070000 - 0x00007ff93a4e0000 	C:\Windows\System32\SETUPAPI.dll
0x00007ff934460000 - 0x00007ff934473000 	C:\Windows\SYSTEM32\WTSAPI32.dll
0x00007ff9148e0000 - 0x00007ff914923000 	C:\Windows\SYSTEM32\icm32.dll
0x00007ff937a40000 - 0x00007ff937a96000 	C:\Windows\SYSTEM32\WINSTA.dll

dbghelp: loaded successfully - version: 4.0.5 - missing functions: none
symbol engine: initialized successfully - sym options: 0x614 - pdb path: .;C:\Program Files\AdoptOpenJDK\jdk-11.0.8.10-hotspot\bin;C:\Windows\SYSTEM32;C:\Windows\WinSxS\amd64_microsoft.windows.common-controls_6595b64144ccf1df_6.0.18362.1016_none_9e7a36bbe461dae4;C:\Program Files\AdoptOpenJDK\jdk-11.0.8.10-hotspot\bin\server;C:\Windows\System32\DriverStore\FileRepository\nv_dispui.inf_amd64_bf0f2e72ecc4a6c6;C:\Users\Jacob\AppData\Local\Temp\libgdxJacob\515ef75a;C:\Users\Jacob\AppData\Local\Temp\libgdxJacob\1cecf4f6

VM Arguments:
java_command: D:\Documents\Work\Uni\Year2\ENG1\ENG1-DragonBoatRace\desktop\build\libs\desktop-1.0.jar
java_class_path (initial): D:\Documents\Work\Uni\Year2\ENG1\ENG1-DragonBoatRace\desktop\build\libs\desktop-1.0.jar
Launcher Type: SUN_STANDARD

[Global flags]
     intx CICompilerCount                          = 12                                        {product} {ergonomic}
     uint ConcGCThreads                            = 3                                         {product} {ergonomic}
     uint G1ConcRefinementThreads                  = 13                                        {product} {ergonomic}
   size_t G1HeapRegionSize                         = 2097152                                   {product} {ergonomic}
    uintx GCDrainStackTargetSize                   = 64                                        {product} {ergonomic}
   size_t InitialHeapSize                          = 536870912                                 {product} {ergonomic}
   size_t MarkStackSize                            = 4194304                                   {product} {ergonomic}
   size_t MaxHeapSize                              = 8577351680                                {product} {ergonomic}
   size_t MaxNewSize                               = 5146411008                                {product} {ergonomic}
   size_t MinHeapDeltaBytes                        = 2097152                                   {product} {ergonomic}
    uintx NonNMethodCodeHeapSize                   = 7594288                                {pd product} {ergonomic}
    uintx NonProfiledCodeHeapSize                  = 122031976                              {pd product} {ergonomic}
    uintx ProfiledCodeHeapSize                     = 122031976                              {pd product} {ergonomic}
    uintx ReservedCodeCacheSize                    = 251658240                              {pd product} {ergonomic}
     bool SegmentedCodeCache                       = true                                      {product} {ergonomic}
     bool UseCompressedClassPointers               = true                                 {lp64_product} {ergonomic}
     bool UseCompressedOops                        = true                                 {lp64_product} {ergonomic}
     bool UseG1GC                                  = true                                      {product} {ergonomic}
     bool UseLargePagesIndividualAllocation        = false                                  {pd product} {ergonomic}

Logging:
Log output configuration:
 #0: stdout all=warning uptime,level,tags
 #1: stderr all=off uptime,level,tags

Environment Variables:
PATH=C:\Program Files (x86)\VMware\VMware Player\bin\;C:\Program Files\NVIDIA GPU Computing Toolkit\CUDA\v11.1\bin;C:\Program Files\NVIDIA GPU Computing Toolkit\CUDA\v11.1\libnvvp;C:\Program Files (x86)\Common Files\Oracle\Java\javapath;C:\Program Files\AdoptOpenJDK\jdk-11.0.8.10-hotspot\bin;C:\Program Files\AdoptOpenJDK\jre-11.0.8.10-hotspot\bin;C:\Windows\system32;C:\Windows;C:\Windows\System32\Wbem;C:\Windows\System32\WindowsPowerShell\v1.0\;C:\Windows\System32\OpenSSH\;C:\Program Files\PuTTY\;C:\Program Files\Microsoft VS Code\bin;C:\Program Files (x86)\VDesk;C:\Program Files (x86)\NVIDIA Corporation\PhysX\Common;C:\Program Files\Git\cmd;C:\Program Files\Git\mingw64\bin;C:\Program Files\Git\usr\bin;C:\Program Files\NVIDIA Corporation\Nsight Compute 2020.2.0\;C:\Program Files\NVIDIA Corporation\NVIDIA NvDLISR;C:\Program Files\Docker\Docker\resources\bin;C:\ProgramData\DockerDesktop\version-bin;C:\Program Files\Microsoft\Web Platform Installer\;C:\Users\Jacob\AppData\Local\Microsoft\WindowsApps;C:\Program Files\Git\bin;C:\Program Files\Python38\Scripts;C:\Users\Jacob\AppData\Local\GitHubDesktop\bin
USERNAME=Jacob
OS=Windows_NT
PROCESSOR_IDENTIFIER=AMD64 Family 23 Model 113 Stepping 0, AuthenticAMD



---------------  S Y S T E M  ---------------

OS: Windows 10 , 64 bit Build 18362 (10.0.18362.959)
OS uptime: 1 days 5:36 hours

CPU:total 16 (initial active 16) (16 cores per cpu, 2 threads per core) family 23 model 113 stepping 0, cmov, cx8, fxsr, mmx, sse, sse2, sse3, ssse3, sse4.1, sse4.2, popcnt, avx, avx2, aes, clmul, mmxext, 3dnowpref, lzcnt, sse4a, ht, tsc, tscinvbit, tscinv, bmi1, bmi2, adx, sha, fma

Memory: 4k page, system-wide physical 32717M (26577M free)
TotalPageFile size 37581M (AvailPageFile size 27293M)
current process WorkingSet (physical memory assigned to process): 154M, peak: 166M
current process commit charge ("private bytes"): 943M, peak: 949M

vm_info: OpenJDK 64-Bit Server VM (11.0.8+10) for windows-amd64 JRE (11.0.8+10), built on Jul 15 2020 11:45:54 by "" with MS VC++ 15.9 (VS2017)

END.
